<?xml version="1.0" encoding="UTF-8"?>
<testsuite name="org.hyperskill.calculator.tip.Stage3UnitTest" tests="8" skipped="0" failures="0" errors="0" timestamp="2023-02-10T18:19:01" hostname="NICK" time="4.66">
  <properties/>
  <testcase name="test00_checkTipWithEmptyValue" classname="org.hyperskill.calculator.tip.Stage3UnitTest" time="3.98"/>
  <testcase name="test01_checkValueWithInitialTip" classname="org.hyperskill.calculator.tip.Stage3UnitTest" time="0.107"/>
  <testcase name="test02_checkBothValueAndTipWithSliderListenerLast" classname="org.hyperskill.calculator.tip.Stage3UnitTest" time="0.083"/>
  <testcase name="test03_checkEditTextListenerLast" classname="org.hyperskill.calculator.tip.Stage3UnitTest" time="0.083"/>
  <testcase name="test04_checkLargeValue" classname="org.hyperskill.calculator.tip.Stage3UnitTest" time="0.101"/>
  <testcase name="test05_checkDecimalValue" classname="org.hyperskill.calculator.tip.Stage3UnitTest" time="0.1"/>
  <testcase name="test06_checkClearingValue" classname="org.hyperskill.calculator.tip.Stage3UnitTest" time="0.075"/>
  <testcase name="test07_check101TipsForValue100" classname="org.hyperskill.calculator.tip.Stage3UnitTest" time="0.131"/>
  <system-out><![CDATA[Called loadFromPath(/system/framework/framework-res.apk, true); mode=binary sdk=29
resources.arsc in APK 'C:\Users\nick9\.m2\repository\org\robolectric\android-all-instrumented\10-robolectric-5803371-i3\android-all-instrumented-10-robolectric-5803371-i3.jar' is compressed.
]]></system-out>
  <system-err><![CDATA[]]></system-err>
</testsuite>
